root: Generating grammar tables from /usr/lib/python2.7/lib2to3/PatternGrammar.txt
root: Generating grammar tables from /usr/lib/python2.7/lib2to3/PatternGrammar.txt
root: Generating grammar tables from /usr/lib/python2.7/lib2to3/PatternGrammar.txt
root: Generating grammar tables from /usr/lib/python2.7/lib2to3/PatternGrammar.txt
RefactoringTool: Skipping optional fixer: buffer
root: Generating grammar tables from /usr/lib/python2.7/lib2to3/PatternGrammar.txt
root: Generating grammar tables from /usr/lib/python2.7/lib2to3/PatternGrammar.txt
root: Generating grammar tables from /usr/lib/python2.7/lib2to3/PatternGrammar.txt
root: Generating grammar tables from /usr/lib/python2.7/lib2to3/PatternGrammar.txt
root: Generating grammar tables from /usr/lib/python2.7/lib2to3/PatternGrammar.txt
root: Generating grammar tables from /usr/lib/python2.7/lib2to3/PatternGrammar.txt
root: Generating grammar tables from /usr/lib/python2.7/lib2to3/PatternGrammar.txt
root: Generating grammar tables from /usr/lib/python2.7/lib2to3/PatternGrammar.txt
root: Generating grammar tables from /usr/lib/python2.7/lib2to3/PatternGrammar.txt
root: Generating grammar tables from /usr/lib/python2.7/lib2to3/PatternGrammar.txt
root: Generating grammar tables from /usr/lib/python2.7/lib2to3/PatternGrammar.txt
root: Generating grammar tables from /usr/lib/python2.7/lib2to3/PatternGrammar.txt
root: Generating grammar tables from /usr/lib/python2.7/lib2to3/PatternGrammar.txt
root: Generating grammar tables from /usr/lib/python2.7/lib2to3/PatternGrammar.txt
RefactoringTool: Skipping optional fixer: idioms
root: Generating grammar tables from /usr/lib/python2.7/lib2to3/PatternGrammar.txt
root: Generating grammar tables from /usr/lib/python2.7/lib2to3/PatternGrammar.txt
root: Generating grammar tables from /usr/lib/python2.7/lib2to3/PatternGrammar.txt
root: Generating grammar tables from /usr/lib/python2.7/lib2to3/PatternGrammar.txt
root: Generating grammar tables from /usr/lib/python2.7/lib2to3/PatternGrammar.txt
root: Generating grammar tables from /usr/lib/python2.7/lib2to3/PatternGrammar.txt
root: Generating grammar tables from /usr/lib/python2.7/lib2to3/PatternGrammar.txt
root: Generating grammar tables from /usr/lib/python2.7/lib2to3/PatternGrammar.txt
root: Generating grammar tables from /usr/lib/python2.7/lib2to3/PatternGrammar.txt
root: Generating grammar tables from /usr/lib/python2.7/lib2to3/PatternGrammar.txt
root: Generating grammar tables from /usr/lib/python2.7/lib2to3/PatternGrammar.txt
root: Generating grammar tables from /usr/lib/python2.7/lib2to3/PatternGrammar.txt
root: Generating grammar tables from /usr/lib/python2.7/lib2to3/PatternGrammar.txt
root: Generating grammar tables from /usr/lib/python2.7/lib2to3/PatternGrammar.txt
root: Generating grammar tables from /usr/lib/python2.7/lib2to3/PatternGrammar.txt
root: Generating grammar tables from /usr/lib/python2.7/lib2to3/PatternGrammar.txt
root: Generating grammar tables from /usr/lib/python2.7/lib2to3/PatternGrammar.txt
root: Generating grammar tables from /usr/lib/python2.7/lib2to3/PatternGrammar.txt
root: Generating grammar tables from /usr/lib/python2.7/lib2to3/PatternGrammar.txt
root: Generating grammar tables from /usr/lib/python2.7/lib2to3/PatternGrammar.txt
root: Generating grammar tables from /usr/lib/python2.7/lib2to3/PatternGrammar.txt
root: Generating grammar tables from /usr/lib/python2.7/lib2to3/PatternGrammar.txt
root: Generating grammar tables from /usr/lib/python2.7/lib2to3/PatternGrammar.txt
root: Generating grammar tables from /usr/lib/python2.7/lib2to3/PatternGrammar.txt
root: Generating grammar tables from /usr/lib/python2.7/lib2to3/PatternGrammar.txt
RefactoringTool: Skipping optional fixer: set_literal
root: Generating grammar tables from /usr/lib/python2.7/lib2to3/PatternGrammar.txt
root: Generating grammar tables from /usr/lib/python2.7/lib2to3/PatternGrammar.txt
root: Generating grammar tables from /usr/lib/python2.7/lib2to3/PatternGrammar.txt
root: Generating grammar tables from /usr/lib/python2.7/lib2to3/PatternGrammar.txt
root: Generating grammar tables from /usr/lib/python2.7/lib2to3/PatternGrammar.txt
root: Generating grammar tables from /usr/lib/python2.7/lib2to3/PatternGrammar.txt
root: Generating grammar tables from /usr/lib/python2.7/lib2to3/PatternGrammar.txt
root: Generating grammar tables from /usr/lib/python2.7/lib2to3/PatternGrammar.txt
RefactoringTool: Skipping optional fixer: ws_comma
root: Generating grammar tables from /usr/lib/python2.7/lib2to3/PatternGrammar.txt
root: Generating grammar tables from /usr/lib/python2.7/lib2to3/PatternGrammar.txt
root: Generating grammar tables from /usr/lib/python2.7/lib2to3/PatternGrammar.txt
root: Generating grammar tables from /usr/lib/python2.7/lib2to3/PatternGrammar.txt
root: Generating grammar tables from /usr/lib/python2.7/lib2to3/PatternGrammar.txt
RefactoringTool: Refactored myCyntenator.py
WARNING: couldn't encode myCyntenator.py's diff for your terminal
RefactoringTool: Files that were modified:
RefactoringTool: myCyntenator.py
